::1 - - [23/Nov/2020:07:15:31 +0000] "POST /api/v1/users/ HTTP/1.1" 401 69 "-" "PostmanRuntime/7.26.8"
::1 - - [23/Nov/2020:07:15:32 +0000] "POST /api/v1/users/ HTTP/1.1" 401 69 "-" "PostmanRuntime/7.26.8"
::ffff:127.0.0.1 - - [23/Nov/2020:07:16:10 +0000] "GET /api/v1/users/ HTTP/1.1" 422 55 "-" "curl/7.68.0"
::1 - - [23/Nov/2020:07:40:11 +0000] "POST /api/v1/users/ HTTP/1.1" 401 69 "-" "PostmanRuntime/7.26.8"
::1 - - [23/Nov/2020:07:40:33 +0000] "POST /api/v1/users/register HTTP/1.1" 400 91 "-" "PostmanRuntime/7.26.8"
::1 - - [23/Nov/2020:07:41:36 +0000] "POST /api/v1/users/register HTTP/1.1" 400 91 "-" "PostmanRuntime/7.26.8"
::1 - - [23/Nov/2020:07:42:29 +0000] "POST /api/v1/users/register HTTP/1.1" 400 91 "-" "PostmanRuntime/7.26.8"
::1 - - [23/Nov/2020:07:42:43 +0000] "POST /api/v1/users/register HTTP/1.1" 400 91 "-" "PostmanRuntime/7.26.8"
::1 - - [23/Nov/2020:07:42:53 +0000] "POST /api/v1/users/register HTTP/1.1" 400 91 "-" "PostmanRuntime/7.26.8"
::1 - - [23/Nov/2020:07:43:46 +0000] "POST /api/v1/users/register HTTP/1.1" 400 91 "-" "PostmanRuntime/7.26.8"
::1 - - [23/Nov/2020:07:46:48 +0000] "POST /api/v1/users/register HTTP/1.1" 201 276 "-" "PostmanRuntime/7.26.8"
::1 - - [23/Nov/2020:07:47:13 +0000] "POST /api/v1/users/register HTTP/1.1" 201 275 "-" "PostmanRuntime/7.26.8"
::1 - - [23/Nov/2020:07:47:47 +0000] "POST /api/v1/users/login HTTP/1.1" 401 55 "-" "PostmanRuntime/7.26.8"
::1 - - [23/Nov/2020:07:47:49 +0000] "POST /api/v1/users/login HTTP/1.1" 500 161 "-" "PostmanRuntime/7.26.8"
::1 - - [23/Nov/2020:08:02:27 +0000] "POST /api/v1/users/login HTTP/1.1" 200 504 "-" "PostmanRuntime/7.26.8"
::1 - - [23/Nov/2020:08:04:06 +0000] "POST /api/v1/users/login HTTP/1.1" 200 504 "-" "PostmanRuntime/7.26.8"
::1 - - [23/Nov/2020:08:05:27 +0000] "POST /api/v1/users/login HTTP/1.1" 200 504 "-" "PostmanRuntime/7.26.8"
::1 - - [23/Nov/2020:08:17:21 +0000] "POST /api/v1/users/login HTTP/1.1" 500 69 "-" "PostmanRuntime/7.26.8"
::1 - - [23/Nov/2020:08:18:34 +0000] "POST /api/v1/users/login HTTP/1.1" 500 66 "-" "PostmanRuntime/7.26.8"
::1 - - [23/Nov/2020:08:19:00 +0000] "POST /api/v1/users/login HTTP/1.1" 500 66 "-" "PostmanRuntime/7.26.8"
::1 - - [23/Nov/2020:08:21:23 +0000] "POST /api/v1/users/login HTTP/1.1" 500 66 "-" "PostmanRuntime/7.26.8"
::1 - - [23/Nov/2020:08:21:31 +0000] "POST /api/v1/users/login HTTP/1.1" 200 508 "-" "PostmanRuntime/7.26.8"
::1 - - [23/Nov/2020:08:22:25 +0000] "POST /api/v1/users/login HTTP/1.1" 200 504 "-" "PostmanRuntime/7.26.8"
::1 - - [23/Nov/2020:08:27:43 +0000] "POST /api/v1/users/login HTTP/1.1" 200 504 "-" "PostmanRuntime/7.26.8"
::1 - - [23/Nov/2020:08:28:13 +0000] "POST /api/v1/users/login HTTP/1.1" 200 505 "-" "PostmanRuntime/7.26.8"
::1 - - [23/Nov/2020:08:30:36 +0000] "POST /api/v1/users/login HTTP/1.1" 200 496 "-" "PostmanRuntime/7.26.8"
::1 - - [23/Nov/2020:08:30:56 +0000] "POST /api/v1/users/login HTTP/1.1" 200 496 "-" "PostmanRuntime/7.26.8"
::1 - - [23/Nov/2020:08:31:19 +0000] "POST /api/v1/users/login HTTP/1.1" 200 504 "-" "PostmanRuntime/7.26.8"
::1 - - [23/Nov/2020:08:35:04 +0000] "POST /api/v1/users/login HTTP/1.1" 200 504 "-" "PostmanRuntime/7.26.8"
::1 - - [23/Nov/2020:08:48:38 +0000] "POST /api/v1/users/login HTTP/1.1" 200 504 "-" "PostmanRuntime/7.26.8"
::1 - - [23/Nov/2020:08:50:10 +0000] "POST /api/v1/users/login HTTP/1.1" 200 508 "-" "PostmanRuntime/7.26.8"
::1 - - [23/Nov/2020:08:50:23 +0000] "POST /api/v1/users/login HTTP/1.1" 200 504 "-" "PostmanRuntime/7.26.8"
::1 - - [23/Nov/2020:08:55:54 +0000] "POST /api/v1/users/login HTTP/1.1" 200 504 "-" "PostmanRuntime/7.26.8"
::1 - - [23/Nov/2020:08:56:20 +0000] "POST /api/v1/users/login HTTP/1.1" 200 504 "-" "PostmanRuntime/7.26.8"
::1 - - [23/Nov/2020:08:56:38 +0000] "POST /api/v1/users/login HTTP/1.1" 200 504 "-" "PostmanRuntime/7.26.8"
::1 - - [23/Nov/2020:08:56:56 +0000] "POST /api/v1/users/login HTTP/1.1" 200 504 "-" "PostmanRuntime/7.26.8"
::1 - - [23/Nov/2020:09:02:21 +0000] "POST /api/v1/users/login HTTP/1.1" 200 504 "-" "PostmanRuntime/7.26.8"
::1 - - [23/Nov/2020:09:22:31 +0000] "POST /api/v1/users/login HTTP/1.1" 200 530 "-" "PostmanRuntime/7.26.8"
::1 - - [23/Nov/2020:09:23:06 +0000] "POST /api/v1/users/login HTTP/1.1" 500 87 "-" "PostmanRuntime/7.26.8"
::1 - - [23/Nov/2020:09:25:40 +0000] "POST /api/v1/users/login HTTP/1.1" 500 114 "-" "PostmanRuntime/7.26.8"
::1 - - [23/Nov/2020:09:26:10 +0000] "POST /api/v1/users/login HTTP/1.1" 500 114 "-" "PostmanRuntime/7.26.8"
::1 - - [23/Nov/2020:09:26:11 +0000] "POST /api/v1/users/login HTTP/1.1" 500 114 "-" "PostmanRuntime/7.26.8"
::1 - - [23/Nov/2020:09:26:24 +0000] "POST /api/v1/users/login HTTP/1.1" 500 74 "-" "PostmanRuntime/7.26.8"
::1 - - [23/Nov/2020:09:26:40 +0000] "POST /api/v1/users/login HTTP/1.1" 500 87 "-" "PostmanRuntime/7.26.8"
::1 - - [23/Nov/2020:09:26:54 +0000] "POST /api/v1/users/login HTTP/1.1" 500 73 "-" "PostmanRuntime/7.26.8"
::1 - - [23/Nov/2020:09:26:55 +0000] "POST /api/v1/users/login HTTP/1.1" 500 73 "-" "PostmanRuntime/7.26.8"
::1 - - [23/Nov/2020:09:27:15 +0000] "POST /api/v1/users/login HTTP/1.1" 500 114 "-" "PostmanRuntime/7.26.8"
::1 - - [23/Nov/2020:09:27:23 +0000] "POST /api/v1/users/login HTTP/1.1" 500 87 "-" "PostmanRuntime/7.26.8"
::1 - - [23/Nov/2020:09:29:41 +0000] "POST /api/v1/users/login HTTP/1.1" 500 87 "-" "PostmanRuntime/7.26.8"
::1 - - [23/Nov/2020:09:30:07 +0000] "POST /api/v1/users/login HTTP/1.1" 500 87 "-" "PostmanRuntime/7.26.8"
::1 - - [23/Nov/2020:09:30:45 +0000] "POST /api/v1/users/login HTTP/1.1" 500 87 "-" "PostmanRuntime/7.26.8"
::1 - - [23/Nov/2020:09:30:47 +0000] "POST /api/v1/users/login HTTP/1.1" 500 87 "-" "PostmanRuntime/7.26.8"
::1 - - [23/Nov/2020:09:34:38 +0000] "POST /api/v1/users/login HTTP/1.1" 200 1152 "-" "PostmanRuntime/7.26.8"
::1 - - [23/Nov/2020:09:37:02 +0000] "POST /api/v1/users/login HTTP/1.1" 200 1268 "-" "PostmanRuntime/7.26.8"
::1 - - [23/Nov/2020:09:37:38 +0000] "POST /api/v1/users/login HTTP/1.1" 200 1145 "-" "PostmanRuntime/7.26.8"
::1 - - [23/Nov/2020:09:38:41 +0000] "POST /api/v1/users/login HTTP/1.1" 500 87 "-" "PostmanRuntime/7.26.8"
::1 - - [23/Nov/2020:09:38:55 +0000] "POST /api/v1/users/login HTTP/1.1" 500 97 "-" "PostmanRuntime/7.26.8"
::1 - - [23/Nov/2020:09:39:08 +0000] "POST /api/v1/users/login HTTP/1.1" 500 87 "-" "PostmanRuntime/7.26.8"
::1 - - [23/Nov/2020:09:40:19 +0000] "POST /api/v1/users/login HTTP/1.1" 500 87 "-" "PostmanRuntime/7.26.8"
::1 - - [23/Nov/2020:09:40:21 +0000] "POST /api/v1/users/login HTTP/1.1" 500 87 "-" "PostmanRuntime/7.26.8"
::1 - - [23/Nov/2020:09:40:30 +0000] "POST /api/v1/users/login HTTP/1.1" 500 87 "-" "PostmanRuntime/7.26.8"
::1 - - [23/Nov/2020:09:40:35 +0000] "POST /api/v1/users/login HTTP/1.1" 200 505 "-" "PostmanRuntime/7.26.8"
::1 - - [23/Nov/2020:09:43:15 +0000] "POST /api/v1/users/login HTTP/1.1" 500 84 "-" "PostmanRuntime/7.26.8"
::1 - - [23/Nov/2020:09:43:31 +0000] "POST /api/v1/users/login HTTP/1.1" 200 505 "-" "PostmanRuntime/7.26.8"
::1 - - [23/Nov/2020:09:44:56 +0000] "POST /api/v1/users/login HTTP/1.1" 200 497 "-" "PostmanRuntime/7.26.8"
::1 - - [23/Nov/2020:09:46:06 +0000] "POST /api/v1/users/login HTTP/1.1" 200 426 "-" "PostmanRuntime/7.26.8"
::1 - - [23/Nov/2020:09:48:46 +0000] "POST /api/v1/users/login HTTP/1.1" 200 497 "-" "PostmanRuntime/7.26.8"
::1 - - [23/Nov/2020:09:48:59 +0000] "GET /api/v1/users/ HTTP/1.1" 200 11 "-" "PostmanRuntime/7.26.8"
::1 - - [23/Nov/2020:09:49:34 +0000] "GET /api/v1/users/xx HTTP/1.1" 200 11 "-" "PostmanRuntime/7.26.8"
::1 - - [23/Nov/2020:09:49:37 +0000] "GET /api/v1/users/ HTTP/1.1" 200 11 "-" "PostmanRuntime/7.26.8"
::1 - - [23/Nov/2020:09:50:51 +0000] "GET /api/v1/users/ HTTP/1.1" 200 599 "-" "PostmanRuntime/7.26.8"
::1 - - [23/Nov/2020:09:50:51 +0000] "GET /api/v1/users/ HTTP/1.1" 200 599 "-" "PostmanRuntime/7.26.8"
::1 - - [23/Nov/2020:09:50:54 +0000] "GET /api/v1/users/ HTTP/1.1" 200 599 "-" "PostmanRuntime/7.26.8"
::1 - - [23/Nov/2020:09:50:58 +0000] "GET /api/v1/users/ HTTP/1.1" 401 77 "-" "PostmanRuntime/7.26.8"
::1 - - [23/Nov/2020:09:51:03 +0000] "GET /api/v1/users/ HTTP/1.1" 200 599 "-" "PostmanRuntime/7.26.8"
::1 - - [23/Nov/2020:10:01:49 +0000] "GET /api/v1/users/ HTTP/1.1" 200 599 "-" "PostmanRuntime/7.26.8"
::1 - - [23/Nov/2020:10:02:07 +0000] "GET /api/v1/users/?username=@ HTTP/1.1" 422 60 "-" "PostmanRuntime/7.26.8"
::1 - - [23/Nov/2020:10:02:12 +0000] "GET /api/v1/users/?username= HTTP/1.1" 422 55 "-" "PostmanRuntime/7.26.8"
::1 - - [23/Nov/2020:10:02:15 +0000] "GET /api/v1/users/?username=name HTTP/1.1" 422 60 "-" "PostmanRuntime/7.26.8"
::1 - - [23/Nov/2020:10:02:32 +0000] "GET /api/v1/users/ HTTP/1.1" 200 599 "-" "PostmanRuntime/7.26.8"
::1 - - [23/Nov/2020:10:02:39 +0000] "GET /api/v1/users/?username=a@a.com HTTP/1.1" 200 322 "-" "PostmanRuntime/7.26.8"
::1 - - [23/Nov/2020:10:02:45 +0000] "GET /api/v1/users/?username=acom HTTP/1.1" 422 60 "-" "PostmanRuntime/7.26.8"
::1 - - [23/Nov/2020:10:04:38 +0000] "GET /api/v1/users/?username=acom HTTP/1.1" 200 47 "-" "PostmanRuntime/7.26.8"
::1 - - [23/Nov/2020:10:04:40 +0000] "GET /api/v1/users/?username=a HTTP/1.1" 200 599 "-" "PostmanRuntime/7.26.8"
::1 - - [23/Nov/2020:10:04:44 +0000] "GET /api/v1/users/?username=.com HTTP/1.1" 200 599 "-" "PostmanRuntime/7.26.8"
::1 - - [23/Nov/2020:10:04:50 +0000] "GET /api/v1/users/?username=/@ HTTP/1.1" 200 323 "-" "PostmanRuntime/7.26.8"
::1 - - [23/Nov/2020:10:05:09 +0000] "GET /api/v1/users/?username=a/@a.com HTTP/1.1" 200 323 "-" "PostmanRuntime/7.26.8"
::1 - - [23/Nov/2020:10:09:09 +0000] "GET /api/v1/users/?username=a/@a.com HTTP/1.1" 200 323 "-" "PostmanRuntime/7.26.8"
::1 - - [23/Nov/2020:10:09:13 +0000] "GET /api/v1/users/?username=%E0%B8%9F HTTP/1.1" 200 47 "-" "PostmanRuntime/7.26.8"
::1 - - [23/Nov/2020:10:09:15 +0000] "GET /api/v1/users/?username=a HTTP/1.1" 200 599 "-" "PostmanRuntime/7.26.8"
::1 - - [23/Nov/2020:10:18:40 +0000] "GET /api/v1/roles HTTP/1.1" 404 55 "-" "PostmanRuntime/7.26.8"
::1 - - [23/Nov/2020:10:18:44 +0000] "GET /api/v1/role HTTP/1.1" 404 55 "-" "PostmanRuntime/7.26.8"
::1 - - [23/Nov/2020:10:19:16 +0000] "GET /api/v1/roles HTTP/1.1" 401 48 "-" "PostmanRuntime/7.26.8"
::1 - - [23/Nov/2020:10:19:43 +0000] "GET /api/v1/login HTTP/1.1" 404 55 "-" "PostmanRuntime/7.26.8"
::1 - - [23/Nov/2020:10:19:51 +0000] "GET /api/v1/users/login HTTP/1.1" 401 69 "-" "PostmanRuntime/7.26.8"
::1 - - [23/Nov/2020:10:20:09 +0000] "POST /api/v1/users/login HTTP/1.1" 200 497 "-" "PostmanRuntime/7.26.8"
::1 - - [23/Nov/2020:10:20:16 +0000] "GET /api/v1/roles HTTP/1.1" 200 47 "-" "PostmanRuntime/7.26.8"
::1 - - [23/Nov/2020:10:20:59 +0000] "POST /api/v1/roles HTTP/1.1" 400 99 "-" "PostmanRuntime/7.26.8"
::1 - - [23/Nov/2020:10:24:50 +0000] "POST /api/v1/roles HTTP/1.1" 201 598 "-" "PostmanRuntime/7.26.8"
::1 - - [23/Nov/2020:10:25:53 +0000] "GET /api/v1/roles?roleName=a HTTP/1.1" 200 645 "-" "PostmanRuntime/7.26.8"
::1 - - [23/Nov/2020:10:26:34 +0000] "POST /api/v1/roles HTTP/1.1" 400 126 "-" "PostmanRuntime/7.26.8"
::1 - - [23/Nov/2020:10:26:56 +0000] "POST /api/v1/roles HTTP/1.1" 201 564 "-" "PostmanRuntime/7.26.8"
::1 - - [23/Nov/2020:10:30:45 +0000] "POST /api/v1/roles HTTP/1.1" 201 560 "-" "PostmanRuntime/7.26.8"
::1 - - [23/Nov/2020:10:37:33 +0000] "POST /api/v1/roles HTTP/1.1" 201 564 "-" "PostmanRuntime/7.26.8"
::1 - - [23/Nov/2020:10:37:43 +0000] "POST /api/v1/users/login HTTP/1.1" 200 479 "-" "PostmanRuntime/7.26.8"
::1 - - [23/Nov/2020:10:38:25 +0000] "POST /api/v1/users/register HTTP/1.1" 201 257 "-" "PostmanRuntime/7.26.8"
::1 - - [23/Nov/2020:10:38:32 +0000] "POST /api/v1/users/register HTTP/1.1" 400 128 "-" "PostmanRuntime/7.26.8"
::1 - - [23/Nov/2020:10:38:49 +0000] "POST /api/v1/users/login HTTP/1.1" 200 479 "-" "PostmanRuntime/7.26.8"
::1 - - [23/Nov/2020:10:38:56 +0000] "POST /api/v1/roles HTTP/1.1" 400 126 "-" "PostmanRuntime/7.26.8"
::1 - - [23/Nov/2020:10:39:02 +0000] "GET /api/v1/roles?roleName=a HTTP/1.1" 200 611 "-" "PostmanRuntime/7.26.8"
::1 - - [23/Nov/2020:10:39:07 +0000] "GET /api/v1/roles?roleName=a HTTP/1.1" 200 611 "-" "PostmanRuntime/7.26.8"
::1 - - [23/Nov/2020:10:39:25 +0000] "GET /api/v1/users HTTP/1.1" 401 69 "-" "PostmanRuntime/7.26.8"
::1 - - [23/Nov/2020:10:39:30 +0000] "GET /api/v1/users HTTP/1.1" 200 304 "-" "PostmanRuntime/7.26.8"
::1 - - [23/Nov/2020:10:40:24 +0000] "GET /api/v1/users HTTP/1.1" 200 304 "-" "PostmanRuntime/7.26.8"
::1 - - [23/Nov/2020:10:40:26 +0000] "GET /api/v1/users HTTP/1.1" 200 304 "-" "PostmanRuntime/7.26.8"
::1 - - [23/Nov/2020:10:40:37 +0000] "GET /api/v1/users HTTP/1.1" 200 304 "-" "PostmanRuntime/7.26.8"
::1 - - [23/Nov/2020:10:40:38 +0000] "GET /api/v1/users HTTP/1.1" 200 304 "-" "PostmanRuntime/7.26.8"
::1 - - [23/Nov/2020:10:40:48 +0000] "GET /api/v1/users HTTP/1.1" 200 304 "-" "PostmanRuntime/7.26.8"
::1 - - [23/Nov/2020:10:41:54 +0000] "GET /api/v1/users HTTP/1.1" 200 304 "-" "PostmanRuntime/7.26.8"
::1 - - [23/Nov/2020:10:41:57 +0000] "GET /api/v1/users HTTP/1.1" 200 304 "-" "PostmanRuntime/7.26.8"
::1 - - [23/Nov/2020:10:42:06 +0000] "GET /api/v1/users HTTP/1.1" 200 304 "-" "PostmanRuntime/7.26.8"
::1 - - [23/Nov/2020:10:42:15 +0000] "GET /api/v1/users HTTP/1.1" 200 304 "-" "PostmanRuntime/7.26.8"
::1 - - [23/Nov/2020:10:45:54 +0000] "GET /api/v1/users HTTP/1.1" 200 876 "-" "PostmanRuntime/7.26.8"
::1 - - [23/Nov/2020:10:46:17 +0000] "GET /api/v1/users HTTP/1.1" 500 154 "-" "PostmanRuntime/7.26.8"
::1 - - [23/Nov/2020:10:47:49 +0000] "GET /api/v1/users HTTP/1.1" 200 345 "-" "PostmanRuntime/7.26.8"
::1 - - [23/Nov/2020:10:48:35 +0000] "POST /api/v1/users/login HTTP/1.1" 200 513 "-" "PostmanRuntime/7.26.8"
::1 - - [23/Nov/2020:10:48:40 +0000] "POST /api/v1/roles HTTP/1.1" 400 126 "-" "PostmanRuntime/7.26.8"
::1 - - [23/Nov/2020:10:48:47 +0000] "POST /api/v1/users/login HTTP/1.1" 200 513 "-" "PostmanRuntime/7.26.8"
::1 - - [23/Nov/2020:10:48:47 +0000] "POST /api/v1/users/login HTTP/1.1" 200 513 "-" "PostmanRuntime/7.26.8"
::1 - - [23/Nov/2020:10:48:48 +0000] "POST /api/v1/users/login HTTP/1.1" 200 513 "-" "PostmanRuntime/7.26.8"
::1 - - [23/Nov/2020:10:48:48 +0000] "POST /api/v1/users/login HTTP/1.1" 200 513 "-" "PostmanRuntime/7.26.8"
::1 - - [23/Nov/2020:10:48:48 +0000] "POST /api/v1/users/login HTTP/1.1" 200 513 "-" "PostmanRuntime/7.26.8"
::1 - - [23/Nov/2020:10:48:54 +0000] "GET /api/v1/users HTTP/1.1" 500 124 "-" "PostmanRuntime/7.26.8"
::1 - - [23/Nov/2020:10:49:34 +0000] "GET /api/v1/users HTTP/1.1" 200 364 "-" "PostmanRuntime/7.26.8"
